{"numFailedTestSuites":5,"numFailedTests":3,"numPassedTestSuites":11,"numPassedTests":99,"numPendingTestSuites":0,"numPendingTests":0,"numRuntimeErrorTestSuites":3,"numTodoTests":0,"numTotalTestSuites":16,"numTotalTests":102,"openHandles":[],"snapshot":{"added":0,"didUpdate":false,"failure":false,"filesAdded":0,"filesRemoved":0,"filesRemovedList":[],"filesUnmatched":0,"filesUpdated":0,"matched":0,"total":0,"unchecked":0,"uncheckedKeysByFile":[],"unmatched":0,"updated":0},"startTime":1775017367770,"success":false,"testResults":[{"assertionResults":[{"ancestorTitles":["WitnessDialog"],"duration":106,"failureDetails":[],"failureMessages":[],"fullName":"WitnessDialog shows validation errors for an invalid submission","invocations":1,"location":null,"numPassingAsserts":3,"retryReasons":[],"status":"passed","title":"shows validation errors for an invalid submission"},{"ancestorTitles":["WitnessDialog"],"duration":16,"failureDetails":[{}],"failureMessages":["Error: Unable to find an element with accessibility label: Full Name\n\n\u001b[36m<RNCSafeAreaProvider>\u001b[39m\n  \u001b[36m<View\u001b[39m\n    \u001b[33mpointerEvents\u001b[39m=\u001b[32m\"box-none\"\u001b[39m\n  \u001b[36m>\u001b[39m\n    \u001b[36m<RNCSafeAreaProvider>\u001b[39m\n      \u001b[36m<View>\u001b[39m\n        \u001b[36m<View>\u001b[39m\n          \u001b[36m<Text>\u001b[39m\n            \u001b[0mWitness Information\u001b[0m\n          \u001b[36m</Text>\u001b[39m\n          \u001b[36m<View>\u001b[39m\n            \u001b[36m<View>\u001b[39m\n              \u001b[36m<View\u001b[39m\n                \u001b[33mtestID\u001b[39m=\u001b[32m\"text-input-underline\"\u001b[39m\n              \u001b[36m/>\u001b[39m\n              \u001b[36m<View>\u001b[39m\n                \u001b[36m<View\u001b[39m\n                  \u001b[33mpointerEvents\u001b[39m=\u001b[32m\"none\"\u001b[39m\n                \u001b[36m>\u001b[39m\n                  \u001b[36m<View\u001b[39m\n                    \u001b[33mpointerEvents\u001b[39m=\u001b[32m\"none\"\u001b[39m\n                  \u001b[36m>\u001b[39m\n                    \u001b[36m<View>\u001b[39m\n                      \u001b[36m<Text\u001b[39m\n                        \u001b[33mstyle\u001b[39m=\u001b[32m{\n                          {\n                            \"opacity\": 0,\n                          }\n                        }\u001b[39m\n                        \u001b[33mtestID\u001b[39m=\u001b[32m\"text-input-flat-label-active\"\u001b[39m\n                      \u001b[36m>\u001b[39m\n                        \u001b[0mFull Name\u001b[0m\n                      \u001b[36m</Text>\u001b[39m\n                      \u001b[36m<Text\u001b[39m\n                        \u001b[33mstyle\u001b[39m=\u001b[32m{\n                          {\n                            \"opacity\": 0,\n                          }\n                        }\u001b[39m\n                        \u001b[33mtestID\u001b[39m=\u001b[32m\"text-input-flat-label-inactive\"\u001b[39m\n                      \u001b[36m>\u001b[39m\n                        \u001b[0mFull Name\u001b[0m\n                      \u001b[36m</Text>\u001b[39m\n                    \u001b[36m</View>\u001b[39m\n                  \u001b[36m</View>\u001b[39m\n                \u001b[36m</View>\u001b[39m\n                \u001b[36m<TextInput\u001b[39m\n                  \u001b[33meditable\u001b[39m=\u001b[32m{true}\u001b[39m\n                  \u001b[33mtestID\u001b[39m=\u001b[32m\"text-input-flat\"\u001b[39m\n                  \u001b[33mvalue\u001b[39m=\u001b[32m\"\"\u001b[39m\n                \u001b[36m/>\u001b[39m\n              \u001b[36m</View>\u001b[39m\n            \u001b[36m</View>\u001b[39m\n            \u001b[36m<View>\u001b[39m\n              \u001b[36m<View\u001b[39m\n                \u001b[33mtestID\u001b[39m=\u001b[32m\"text-input-underline\"\u001b[39m\n              \u001b[36m/>\u001b[39m\n              \u001b[36m<View>\u001b[39m\n                \u001b[36m<View\u001b[39m\n                  \u001b[33mpointerEvents\u001b[39m=\u001b[32m\"none\"\u001b[39m\n                \u001b[36m>\u001b[39m\n                  \u001b[36m<View\u001b[39m\n                    \u001b[33mpointerEvents\u001b[39m=\u001b[32m\"none\"\u001b[39m\n                  \u001b[36m>\u001b[39m\n                    \u001b[36m<View>\u001b[39m\n                      \u001b[36m<Text\u001b[39m\n                        \u001b[33mstyle\u001b[39m=\u001b[32m{\n                          {\n                            \"opacity\": 0,\n                          }\n                        }\u001b[39m\n                        \u001b[33mtestID\u001b[39m=\u001b[32m\"text-input-flat-label-active\"\u001b[39m\n                      \u001b[36m>\u001b[39m\n                        \u001b[0mPhone Number\u001b[0m\n                      \u001b[36m</Text>\u001b[39m\n                      \u001b[36m<Text\u001b[39m\n                        \u001b[33mstyle\u001b[39m=\u001b[32m{\n                          {\n                            \"opacity\": 0,\n                          }\n                        }\u001b[39m\n                        \u001b[33mtestID\u001b[39m=\u001b[32m\"text-input-flat-label-inactive\"\u001b[39m\n                      \u001b[36m>\u001b[39m\n                        \u001b[0mPhone Number\u001b[0m\n                      \u001b[36m</Text>\u001b[39m\n                    \u001b[36m</View>\u001b[39m\n                  \u001b[36m</View>\u001b[39m\n                \u001b[36m</View>\u001b[39m\n                \u001b[36m<TextInput\u001b[39m\n                  \u001b[33meditable\u001b[39m=\u001b[32m{true}\u001b[39m\n                  \u001b[33mtestID\u001b[39m=\u001b[32m\"text-input-flat\"\u001b[39m\n                  \u001b[33mvalue\u001b[39m=\u001b[32m\"\"\u001b[39m\n                \u001b[36m/>\u001b[39m\n              \u001b[36m</View>\u001b[39m\n            \u001b[36m</View>\u001b[39m\n            \u001b[36m<View>\u001b[39m\n              \u001b[36m<View\u001b[39m\n                \u001b[33mtestID\u001b[39m=\u001b[32m\"text-input-underline\"\u001b[39m\n              \u001b[36m/>\u001b[39m\n              \u001b[36m<View>\u001b[39m\n                \u001b[36m<View\u001b[39m\n                  \u001b[33mpointerEvents\u001b[39m=\u001b[32m\"none\"\u001b[39m\n                \u001b[36m>\u001b[39m\n                  \u001b[36m<View\u001b[39m\n                    \u001b[33mpointerEvents\u001b[39m=\u001b[32m\"none\"\u001b[39m\n                  \u001b[36m>\u001b[39m\n                    \u001b[36m<View>\u001b[39m\n                      \u001b[36m<Text\u001b[39m\n                        \u001b[33mstyle\u001b[39m=\u001b[32m{\n                          {\n                            \"opacity\": 0,\n                          }\n                        }\u001b[39m\n                        \u001b[33mtestID\u001b[39m=\u001b[32m\"text-input-flat-label-active\"\u001b[39m\n                      \u001b[36m>\u001b[39m\n                        \u001b[0mAddress\u001b[0m\n                      \u001b[36m</Text>\u001b[39m\n                      \u001b[36m<Text\u001b[39m\n                        \u001b[33mstyle\u001b[39m=\u001b[32m{\n                          {\n                            \"opacity\": 0,\n                          }\n                        }\u001b[39m\n                        \u001b[33mtestID\u001b[39m=\u001b[32m\"text-input-flat-label-inactive\"\u001b[39m\n                      \u001b[36m>\u001b[39m\n                        \u001b[0mAddress\u001b[0m\n                      \u001b[36m</Text>\u001b[39m\n                    \u001b[36m</View>\u001b[39m\n                  \u001b[36m</View>\u001b[39m\n                \u001b[36m</View>\u001b[39m\n                \u001b[36m<TextInput\u001b[39m\n                  \u001b[33meditable\u001b[39m=\u001b[32m{true}\u001b[39m\n                  \u001b[33mtestID\u001b[39m=\u001b[32m\"text-input-flat\"\u001b[39m\n                  \u001b[33mvalue\u001b[39m=\u001b[32m\"\"\u001b[39m\n                \u001b[36m/>\u001b[39m\n              \u001b[36m</View>\u001b[39m\n            \u001b[36m</View>\u001b[39m\n          \u001b[36m</View>\u001b[39m\n          \u001b[36m<View>\u001b[39m\n            \u001b[36m<View\u001b[39m\n              \u001b[33mtestID\u001b[39m=\u001b[32m\"button-container-outer-layer\"\u001b[39m\n            \u001b[36m>\u001b[39m\n              \u001b[36m<View\u001b[39m\n                \u001b[33mtestID\u001b[39m=\u001b[32m\"button-container\"\u001b[39m\n              \u001b[36m>\u001b[39m\n                \u001b[36m<View\u001b[39m\n                  \u001b[33maccessibilityRole\u001b[39m=\u001b[32m\"button\"\u001b[39m\n                  \u001b[33maccessibilityState\u001b[39m=\u001b[32m{\n                    {\n                      \"disabled\": false,\n                    }\n                  }\u001b[39m\n                  \u001b[33maccessible\u001b[39m=\u001b[32m{true}\u001b[39m\n                  \u001b[33mtestID\u001b[39m=\u001b[32m\"button\"\u001b[39m\n                \u001b[36m>\u001b[39m\n                  \u001b[36m<View>\u001b[39m\n                    \u001b[36m<Text\u001b[39m\n                      \u001b[33mtestID\u001b[39m=\u001b[32m\"button-text\"\u001b[39m\n                    \u001b[36m>\u001b[39m\n                      \u001b[0mCancel\u001b[0m\n                    \u001b[36m</Text>\u001b[39m\n                  \u001b[36m</View>\u001b[39m\n                \u001b[36m</View>\u001b[39m\n              \u001b[36m</View>\u001b[39m\n            \u001b[36m</View>\u001b[39m\n            \u001b[36m<View\u001b[39m\n              \u001b[33mtestID\u001b[39m=\u001b[32m\"button-container-outer-layer\"\u001b[39m\n            \u001b[36m>\u001b[39m\n              \u001b[36m<View\u001b[39m\n                \u001b[33mtestID\u001b[39m=\u001b[32m\"button-container\"\u001b[39m\n              \u001b[36m>\u001b[39m\n                \u001b[36m<View\u001b[39m\n                  \u001b[33maccessibilityRole\u001b[39m=\u001b[32m\"button\"\u001b[39m\n                  \u001b[33maccessibilityState\u001b[39m=\u001b[32m{\n                    {\n                      \"disabled\": false,\n                    }\n                  }\u001b[39m\n                  \u001b[33maccessible\u001b[39m=\u001b[32m{true}\u001b[39m\n                  \u001b[33mtestID\u001b[39m=\u001b[32m\"button\"\u001b[39m\n                \u001b[36m>\u001b[39m\n                  \u001b[36m<View>\u001b[39m\n                    \u001b[36m<Text\u001b[39m\n                      \u001b[33mtestID\u001b[39m=\u001b[32m\"button-text\"\u001b[39m\n                    \u001b[36m>\u001b[39m\n                      \u001b[0mSave\u001b[0m\n                    \u001b[36m</Text>\u001b[39m\n                  \u001b[36m</View>\u001b[39m\n                \u001b[36m</View>\u001b[39m\n              \u001b[36m</View>\u001b[39m\n            \u001b[36m</View>\u001b[39m\n          \u001b[36m</View>\u001b[39m\n        \u001b[36m</View>\u001b[39m\n      \u001b[36m</View>\u001b[39m\n    \u001b[36m</RNCSafeAreaProvider>\u001b[39m\n  \u001b[36m</View>\u001b[39m\n\u001b[36m</RNCSafeAreaProvider>\u001b[39m\n    at Object.getByLabelText (/home/imad/js-projects/crashlog/__tests__/components/WitnessDialog.test.tsx:27:33)\n    at Promise.then.completed (/home/imad/js-projects/crashlog/node_modules/jest-circus/build/utils.js:298:28)\n    at new Promise (<anonymous>)\n    at callAsyncCircusFn (/home/imad/js-projects/crashlog/node_modules/jest-circus/build/utils.js:231:10)\n    at _callCircusTest (/home/imad/js-projects/crashlog/node_modules/jest-circus/build/run.js:316:40)\n    at _runTest (/home/imad/js-projects/crashlog/node_modules/jest-circus/build/run.js:252:3)\n    at _runTestsForDescribeBlock (/home/imad/js-projects/crashlog/node_modules/jest-circus/build/run.js:126:9)\n    at _runTestsForDescribeBlock (/home/imad/js-projects/crashlog/node_modules/jest-circus/build/run.js:121:9)\n    at run (/home/imad/js-projects/crashlog/node_modules/jest-circus/build/run.js:71:3)\n    at runAndTransformResultsToJestFormat (/home/imad/js-projects/crashlog/node_modules/jest-circus/build/legacy-code-todo-rewrite/jestAdapterInit.js:122:21)\n    at jestAdapter (/home/imad/js-projects/crashlog/node_modules/jest-circus/build/legacy-code-todo-rewrite/jestAdapter.js:79:19)\n    at runTestInternal (/home/imad/js-projects/crashlog/node_modules/jest-runner/build/runTest.js:367:16)\n    at runTest (/home/imad/js-projects/crashlog/node_modules/jest-runner/build/runTest.js:444:34)"],"fullName":"WitnessDialog adds a witness and closes the dialog after a valid submission","invocations":1,"location":null,"numPassingAsserts":0,"retryReasons":[],"status":"failed","title":"adds a witness and closes the dialog after a valid submission"}],"endTime":1775017368907,"message":"\u001b[1m\u001b[31m  \u001b[1m● \u001b[22m\u001b[1mWitnessDialog › adds a witness and closes the dialog after a valid submission\u001b[39m\u001b[22m\n\n    Unable to find an element with accessibility label: Full Name\n\n    \u001b[36m<RNCSafeAreaProvider>\u001b[39m\n      \u001b[36m<View\u001b[39m\n        \u001b[33mpointerEvents\u001b[39m=\u001b[32m\"box-none\"\u001b[39m\n      \u001b[36m>\u001b[39m\n        \u001b[36m<RNCSafeAreaProvider>\u001b[39m\n          \u001b[36m<View>\u001b[39m\n            \u001b[36m<View>\u001b[39m\n              \u001b[36m<Text>\u001b[39m\n                \u001b[0mWitness Information\u001b[0m\n              \u001b[36m</Text>\u001b[39m\n              \u001b[36m<View>\u001b[39m\n                \u001b[36m<View>\u001b[39m\n                  \u001b[36m<View\u001b[39m\n                    \u001b[33mtestID\u001b[39m=\u001b[32m\"text-input-underline\"\u001b[39m\n                  \u001b[36m/>\u001b[39m\n                  \u001b[36m<View>\u001b[39m\n                    \u001b[36m<View\u001b[39m\n                      \u001b[33mpointerEvents\u001b[39m=\u001b[32m\"none\"\u001b[39m\n                    \u001b[36m>\u001b[39m\n                      \u001b[36m<View\u001b[39m\n                        \u001b[33mpointerEvents\u001b[39m=\u001b[32m\"none\"\u001b[39m\n                      \u001b[36m>\u001b[39m\n                        \u001b[36m<View>\u001b[39m\n                          \u001b[36m<Text\u001b[39m\n                            \u001b[33mstyle\u001b[39m=\u001b[32m{\n                              {\n                                \"opacity\": 0,\n                              }\n                            }\u001b[39m\n                            \u001b[33mtestID\u001b[39m=\u001b[32m\"text-input-flat-label-active\"\u001b[39m\n                          \u001b[36m>\u001b[39m\n                            \u001b[0mFull Name\u001b[0m\n                          \u001b[36m</Text>\u001b[39m\n                          \u001b[36m<Text\u001b[39m\n                            \u001b[33mstyle\u001b[39m=\u001b[32m{\n                              {\n                                \"opacity\": 0,\n                              }\n                            }\u001b[39m\n                            \u001b[33mtestID\u001b[39m=\u001b[32m\"text-input-flat-label-inactive\"\u001b[39m\n                          \u001b[36m>\u001b[39m\n                            \u001b[0mFull Name\u001b[0m\n                          \u001b[36m</Text>\u001b[39m\n                        \u001b[36m</View>\u001b[39m\n                      \u001b[36m</View>\u001b[39m\n                    \u001b[36m</View>\u001b[39m\n                    \u001b[36m<TextInput\u001b[39m\n                      \u001b[33meditable\u001b[39m=\u001b[32m{true}\u001b[39m\n                      \u001b[33mtestID\u001b[39m=\u001b[32m\"text-input-flat\"\u001b[39m\n                      \u001b[33mvalue\u001b[39m=\u001b[32m\"\"\u001b[39m\n                    \u001b[36m/>\u001b[39m\n                  \u001b[36m</View>\u001b[39m\n                \u001b[36m</View>\u001b[39m\n                \u001b[36m<View>\u001b[39m\n                  \u001b[36m<View\u001b[39m\n                    \u001b[33mtestID\u001b[39m=\u001b[32m\"text-input-underline\"\u001b[39m\n                  \u001b[36m/>\u001b[39m\n                  \u001b[36m<View>\u001b[39m\n                    \u001b[36m<View\u001b[39m\n                      \u001b[33mpointerEvents\u001b[39m=\u001b[32m\"none\"\u001b[39m\n                    \u001b[36m>\u001b[39m\n                      \u001b[36m<View\u001b[39m\n                        \u001b[33mpointerEvents\u001b[39m=\u001b[32m\"none\"\u001b[39m\n                      \u001b[36m>\u001b[39m\n                        \u001b[36m<View>\u001b[39m\n                          \u001b[36m<Text\u001b[39m\n                            \u001b[33mstyle\u001b[39m=\u001b[32m{\n                              {\n                                \"opacity\": 0,\n                              }\n                            }\u001b[39m\n                            \u001b[33mtestID\u001b[39m=\u001b[32m\"text-input-flat-label-active\"\u001b[39m\n                          \u001b[36m>\u001b[39m\n                            \u001b[0mPhone Number\u001b[0m\n                          \u001b[36m</Text>\u001b[39m\n                          \u001b[36m<Text\u001b[39m\n                            \u001b[33mstyle\u001b[39m=\u001b[32m{\n                              {\n                                \"opacity\": 0,\n                              }\n                            }\u001b[39m\n                            \u001b[33mtestID\u001b[39m=\u001b[32m\"text-input-flat-label-inactive\"\u001b[39m\n                          \u001b[36m>\u001b[39m\n                            \u001b[0mPhone Number\u001b[0m\n                          \u001b[36m</Text>\u001b[39m\n                        \u001b[36m</View>\u001b[39m\n                      \u001b[36m</View>\u001b[39m\n                    \u001b[36m</View>\u001b[39m\n                    \u001b[36m<TextInput\u001b[39m\n                      \u001b[33meditable\u001b[39m=\u001b[32m{true}\u001b[39m\n                      \u001b[33mtestID\u001b[39m=\u001b[32m\"text-input-flat\"\u001b[39m\n                      \u001b[33mvalue\u001b[39m=\u001b[32m\"\"\u001b[39m\n                    \u001b[36m/>\u001b[39m\n                  \u001b[36m</View>\u001b[39m\n                \u001b[36m</View>\u001b[39m\n                \u001b[36m<View>\u001b[39m\n                  \u001b[36m<View\u001b[39m\n                    \u001b[33mtestID\u001b[39m=\u001b[32m\"text-input-underline\"\u001b[39m\n                  \u001b[36m/>\u001b[39m\n                  \u001b[36m<View>\u001b[39m\n                    \u001b[36m<View\u001b[39m\n                      \u001b[33mpointerEvents\u001b[39m=\u001b[32m\"none\"\u001b[39m\n                    \u001b[36m>\u001b[39m\n                      \u001b[36m<View\u001b[39m\n                        \u001b[33mpointerEvents\u001b[39m=\u001b[32m\"none\"\u001b[39m\n                      \u001b[36m>\u001b[39m\n                        \u001b[36m<View>\u001b[39m\n                          \u001b[36m<Text\u001b[39m\n                            \u001b[33mstyle\u001b[39m=\u001b[32m{\n                              {\n                                \"opacity\": 0,\n                              }\n                            }\u001b[39m\n                            \u001b[33mtestID\u001b[39m=\u001b[32m\"text-input-flat-label-active\"\u001b[39m\n                          \u001b[36m>\u001b[39m\n                            \u001b[0mAddress\u001b[0m\n                          \u001b[36m</Text>\u001b[39m\n                          \u001b[36m<Text\u001b[39m\n                            \u001b[33mstyle\u001b[39m=\u001b[32m{\n                              {\n                                \"opacity\": 0,\n                              }\n                            }\u001b[39m\n                            \u001b[33mtestID\u001b[39m=\u001b[32m\"text-input-flat-label-inactive\"\u001b[39m\n                          \u001b[36m>\u001b[39m\n                            \u001b[0mAddress\u001b[0m\n                          \u001b[36m</Text>\u001b[39m\n                        \u001b[36m</View>\u001b[39m\n                      \u001b[36m</View>\u001b[39m\n                    \u001b[36m</View>\u001b[39m\n                    \u001b[36m<TextInput\u001b[39m\n                      \u001b[33meditable\u001b[39m=\u001b[32m{true}\u001b[39m\n                      \u001b[33mtestID\u001b[39m=\u001b[32m\"text-input-flat\"\u001b[39m\n                      \u001b[33mvalue\u001b[39m=\u001b[32m\"\"\u001b[39m\n                    \u001b[36m/>\u001b[39m\n                  \u001b[36m</View>\u001b[39m\n                \u001b[36m</View>\u001b[39m\n              \u001b[36m</View>\u001b[39m\n              \u001b[36m<View>\u001b[39m\n                \u001b[36m<View\u001b[39m\n                  \u001b[33mtestID\u001b[39m=\u001b[32m\"button-container-outer-layer\"\u001b[39m\n                \u001b[36m>\u001b[39m\n                  \u001b[36m<View\u001b[39m\n                    \u001b[33mtestID\u001b[39m=\u001b[32m\"button-container\"\u001b[39m\n                  \u001b[36m>\u001b[39m\n                    \u001b[36m<View\u001b[39m\n                      \u001b[33maccessibilityRole\u001b[39m=\u001b[32m\"button\"\u001b[39m\n                      \u001b[33maccessibilityState\u001b[39m=\u001b[32m{\n                        {\n                          \"disabled\": false,\n                        }\n                      }\u001b[39m\n                      \u001b[33maccessible\u001b[39m=\u001b[32m{true}\u001b[39m\n                      \u001b[33mtestID\u001b[39m=\u001b[32m\"button\"\u001b[39m\n                    \u001b[36m>\u001b[39m\n                      \u001b[36m<View>\u001b[39m\n                        \u001b[36m<Text\u001b[39m\n                          \u001b[33mtestID\u001b[39m=\u001b[32m\"button-text\"\u001b[39m\n                        \u001b[36m>\u001b[39m\n                          \u001b[0mCancel\u001b[0m\n                        \u001b[36m</Text>\u001b[39m\n                      \u001b[36m</View>\u001b[39m\n                    \u001b[36m</View>\u001b[39m\n                  \u001b[36m</View>\u001b[39m\n                \u001b[36m</View>\u001b[39m\n                \u001b[36m<View\u001b[39m\n                  \u001b[33mtestID\u001b[39m=\u001b[32m\"button-container-outer-layer\"\u001b[39m\n                \u001b[36m>\u001b[39m\n                  \u001b[36m<View\u001b[39m\n                    \u001b[33mtestID\u001b[39m=\u001b[32m\"button-container\"\u001b[39m\n                  \u001b[36m>\u001b[39m\n                    \u001b[36m<View\u001b[39m\n                      \u001b[33maccessibilityRole\u001b[39m=\u001b[32m\"button\"\u001b[39m\n                      \u001b[33maccessibilityState\u001b[39m=\u001b[32m{\n                        {\n                          \"disabled\": false,\n                        }\n                      }\u001b[39m\n                      \u001b[33maccessible\u001b[39m=\u001b[32m{true}\u001b[39m\n                      \u001b[33mtestID\u001b[39m=\u001b[32m\"button\"\u001b[39m\n                    \u001b[36m>\u001b[39m\n                      \u001b[36m<View>\u001b[39m\n                        \u001b[36m<Text\u001b[39m\n                          \u001b[33mtestID\u001b[39m=\u001b[32m\"button-text\"\u001b[39m\n                        \u001b[36m>\u001b[39m\n                          \u001b[0mSave\u001b[0m\n                        \u001b[36m</Text>\u001b[39m\n                      \u001b[36m</View>\u001b[39m\n                    \u001b[36m</View>\u001b[39m\n                  \u001b[36m</View>\u001b[39m\n                \u001b[36m</View>\u001b[39m\n              \u001b[36m</View>\u001b[39m\n            \u001b[36m</View>\u001b[39m\n          \u001b[36m</View>\u001b[39m\n        \u001b[36m</RNCSafeAreaProvider>\u001b[39m\n      \u001b[36m</View>\u001b[39m\n    \u001b[36m</RNCSafeAreaProvider>\u001b[39m\n\u001b[2m\u001b[22m\n\u001b[2m    \u001b[0m \u001b[90m 25 |\u001b[39m     renderWithProviders(\u001b[33m<\u001b[39m\u001b[33mWitnessDialog\u001b[39m \u001b[33m/\u001b[39m\u001b[33m>\u001b[39m)\u001b[33m;\u001b[39m\u001b[22m\n\u001b[2m     \u001b[90m 26 |\u001b[39m\u001b[22m\n\u001b[2m    \u001b[31m\u001b[1m>\u001b[22m\u001b[2m\u001b[39m\u001b[90m 27 |\u001b[39m     fireEvent\u001b[33m.\u001b[39mchangeText(screen\u001b[33m.\u001b[39mgetByLabelText(\u001b[32m\"Full Name\"\u001b[39m)\u001b[33m,\u001b[39m \u001b[32m\"Jordan Lee\"\u001b[39m)\u001b[33m;\u001b[39m\u001b[22m\n\u001b[2m     \u001b[90m    |\u001b[39m                                 \u001b[31m\u001b[1m^\u001b[22m\u001b[2m\u001b[39m\u001b[22m\n\u001b[2m     \u001b[90m 28 |\u001b[39m     fireEvent\u001b[33m.\u001b[39mchangeText(screen\u001b[33m.\u001b[39mgetByLabelText(\u001b[32m\"Phone Number\"\u001b[39m)\u001b[33m,\u001b[39m \u001b[32m\"+12025550199\"\u001b[39m)\u001b[33m;\u001b[39m\u001b[22m\n\u001b[2m     \u001b[90m 29 |\u001b[39m     fireEvent\u001b[33m.\u001b[39mchangeText(screen\u001b[33m.\u001b[39mgetByLabelText(\u001b[32m\"Address\"\u001b[39m)\u001b[33m,\u001b[39m \u001b[32m\"88 State St\"\u001b[39m)\u001b[33m;\u001b[39m\u001b[22m\n\u001b[2m     \u001b[90m 30 |\u001b[39m     fireEvent\u001b[33m.\u001b[39mpress(screen\u001b[33m.\u001b[39mgetByText(\u001b[32m\"Save\"\u001b[39m))\u001b[33m;\u001b[39m\u001b[0m\u001b[22m\n\u001b[2m\u001b[22m\n\u001b[2m      \u001b[2mat Object.getByLabelText (\u001b[22m\u001b[2m\u001b[0m\u001b[36m__tests__/components/WitnessDialog.test.tsx\u001b[39m\u001b[0m\u001b[2m:27:33)\u001b[22m\u001b[2m\u001b[22m\n","name":"/home/imad/js-projects/crashlog/__tests__/components/WitnessDialog.test.tsx","startTime":1775017367803,"status":"failed","summary":""},{"assertionResults":[{"ancestorTitles":["ScreenContainer"],"duration":16,"failureDetails":[{}],"failureMessages":["Error: Unable to find an element with text: Child content\n\n\u001b[36m<RNCSafeAreaProvider>\u001b[39m\n  \u001b[36m<View\u001b[39m\n    \u001b[33mpointerEvents\u001b[39m=\u001b[32m\"box-none\"\u001b[39m\n  \u001b[36m>\u001b[39m\n    \u001b[36m<RNCSafeAreaProvider>\u001b[39m\n      \u001b[36m<View>\u001b[39m\n        \u001b[36m<View>\u001b[39m\n          \u001b[36m<View\u001b[39m\n            \u001b[33mtestID\u001b[39m=\u001b[32m\"icon-button-container-outer-layer\"\u001b[39m\n          \u001b[36m>\u001b[39m\n            \u001b[36m<View\u001b[39m\n              \u001b[33mtestID\u001b[39m=\u001b[32m\"icon-button-container\"\u001b[39m\n            \u001b[36m>\u001b[39m\n              \u001b[36m<View\u001b[39m\n                \u001b[33maccessibilityRole\u001b[39m=\u001b[32m\"button\"\u001b[39m\n                \u001b[33maccessibilityState\u001b[39m=\u001b[32m{\n                  {\n                    \"disabled\": false,\n                  }\n                }\u001b[39m\n                \u001b[33maccessible\u001b[39m=\u001b[32m{true}\u001b[39m\n                \u001b[33mtestID\u001b[39m=\u001b[32m\"icon-button\"\u001b[39m\n              \u001b[36m>\u001b[39m\n                \u001b[36m<Text />\u001b[39m\n              \u001b[36m</View>\u001b[39m\n            \u001b[36m</View>\u001b[39m\n          \u001b[36m</View>\u001b[39m\n          \u001b[36m<View>\u001b[39m\n            \u001b[36m<Text>\u001b[39m\n              \u001b[0mDetails\u001b[0m\n            \u001b[36m</Text>\u001b[39m\n            \u001b[36m<Text>\u001b[39m\n              \u001b[0mReview the current collision\u001b[0m\n            \u001b[36m</Text>\u001b[39m\n          \u001b[36m</View>\u001b[39m\n          \u001b[36m<View>\u001b[39m\n            \u001b[36m<View\u001b[39m\n              \u001b[33mtestID\u001b[39m=\u001b[32m\"icon-button-container-outer-layer\"\u001b[39m\n            \u001b[36m>\u001b[39m\n              \u001b[36m<View\u001b[39m\n                \u001b[33mtestID\u001b[39m=\u001b[32m\"icon-button-container\"\u001b[39m\n              \u001b[36m>\u001b[39m\n                \u001b[36m<View\u001b[39m\n                  \u001b[33maccessibilityLabel\u001b[39m=\u001b[32m\"Switch to dark mode\"\u001b[39m\n                  \u001b[33maccessibilityRole\u001b[39m=\u001b[32m\"button\"\u001b[39m\n                  \u001b[33maccessibilityState\u001b[39m=\u001b[32m{\n                    {\n                      \"disabled\": false,\n                    }\n                  }\u001b[39m\n                  \u001b[33maccessible\u001b[39m=\u001b[32m{true}\u001b[39m\n                  \u001b[33mtestID\u001b[39m=\u001b[32m\"icon-button\"\u001b[39m\n                \u001b[36m>\u001b[39m\n                  \u001b[36m<Text />\u001b[39m\n                \u001b[36m</View>\u001b[39m\n              \u001b[36m</View>\u001b[39m\n            \u001b[36m</View>\u001b[39m\n          \u001b[36m</View>\u001b[39m\n        \u001b[36m</View>\u001b[39m\n        \u001b[36m<View>\u001b[39m\n          \u001b[0mChild content\u001b[0m\n        \u001b[36m</View>\u001b[39m\n      \u001b[36m</View>\u001b[39m\n    \u001b[36m</RNCSafeAreaProvider>\u001b[39m\n  \u001b[36m</View>\u001b[39m\n\u001b[36m</RNCSafeAreaProvider>\u001b[39m\n    at Object.getByText (/home/imad/js-projects/crashlog/__tests__/components/ScreenContainer.test.tsx:23:19)\n    at Promise.then.completed (/home/imad/js-projects/crashlog/node_modules/jest-circus/build/utils.js:298:28)\n    at new Promise (<anonymous>)\n    at callAsyncCircusFn (/home/imad/js-projects/crashlog/node_modules/jest-circus/build/utils.js:231:10)\n    at _callCircusTest (/home/imad/js-projects/crashlog/node_modules/jest-circus/build/run.js:316:40)\n    at _runTest (/home/imad/js-projects/crashlog/node_modules/jest-circus/build/run.js:252:3)\n    at _runTestsForDescribeBlock (/home/imad/js-projects/crashlog/node_modules/jest-circus/build/run.js:126:9)\n    at _runTestsForDescribeBlock (/home/imad/js-projects/crashlog/node_modules/jest-circus/build/run.js:121:9)\n    at run (/home/imad/js-projects/crashlog/node_modules/jest-circus/build/run.js:71:3)\n    at runAndTransformResultsToJestFormat (/home/imad/js-projects/crashlog/node_modules/jest-circus/build/legacy-code-todo-rewrite/jestAdapterInit.js:122:21)\n    at jestAdapter (/home/imad/js-projects/crashlog/node_modules/jest-circus/build/legacy-code-todo-rewrite/jestAdapter.js:79:19)\n    at runTestInternal (/home/imad/js-projects/crashlog/node_modules/jest-runner/build/runTest.js:367:16)\n    at runTest (/home/imad/js-projects/crashlog/node_modules/jest-runner/build/runTest.js:444:34)"],"fullName":"ScreenContainer renders the title, description, and children","invocations":1,"location":null,"numPassingAsserts":2,"retryReasons":[],"status":"failed","title":"renders the title, description, and children"},{"ancestorTitles":["ScreenContainer"],"duration":5,"failureDetails":[],"failureMessages":[],"fullName":"ScreenContainer uses the back button when enabled","invocations":1,"location":null,"numPassingAsserts":1,"retryReasons":[],"status":"passed","title":"uses the back button when enabled"},{"ancestorTitles":["ScreenContainer"],"duration":4,"failureDetails":[{}],"failureMessages":["TypeError: _reactNative.screen.queryByProps is not a function\n    at Object.queryByProps (/home/imad/js-projects/crashlog/__tests__/components/ScreenContainer.test.tsx:44:19)\n    at Promise.then.completed (/home/imad/js-projects/crashlog/node_modules/jest-circus/build/utils.js:298:28)\n    at new Promise (<anonymous>)\n    at callAsyncCircusFn (/home/imad/js-projects/crashlog/node_modules/jest-circus/build/utils.js:231:10)\n    at _callCircusTest (/home/imad/js-projects/crashlog/node_modules/jest-circus/build/run.js:316:40)\n    at _runTest (/home/imad/js-projects/crashlog/node_modules/jest-circus/build/run.js:252:3)\n    at _runTestsForDescribeBlock (/home/imad/js-projects/crashlog/node_modules/jest-circus/build/run.js:126:9)\n    at _runTestsForDescribeBlock (/home/imad/js-projects/crashlog/node_modules/jest-circus/build/run.js:121:9)\n    at run (/home/imad/js-projects/crashlog/node_modules/jest-circus/build/run.js:71:3)\n    at runAndTransformResultsToJestFormat (/home/imad/js-projects/crashlog/node_modules/jest-circus/build/legacy-code-todo-rewrite/jestAdapterInit.js:122:21)\n    at jestAdapter (/home/imad/js-projects/crashlog/node_modules/jest-circus/build/legacy-code-todo-rewrite/jestAdapter.js:79:19)\n    at runTestInternal (/home/imad/js-projects/crashlog/node_modules/jest-runner/build/runTest.js:367:16)\n    at runTest (/home/imad/js-projects/crashlog/node_modules/jest-runner/build/runTest.js:444:34)"],"fullName":"ScreenContainer omits the back button when disabled","invocations":1,"location":null,"numPassingAsserts":0,"retryReasons":[],"status":"failed","title":"omits the back button when disabled"}],"endTime":1775017369070,"message":"\u001b[1m\u001b[31m  \u001b[1m● \u001b[22m\u001b[1mScreenContainer › renders the title, description, and children\u001b[39m\u001b[22m\n\n    Unable to find an element with text: Child content\n\n    \u001b[36m<RNCSafeAreaProvider>\u001b[39m\n      \u001b[36m<View\u001b[39m\n        \u001b[33mpointerEvents\u001b[39m=\u001b[32m\"box-none\"\u001b[39m\n      \u001b[36m>\u001b[39m\n        \u001b[36m<RNCSafeAreaProvider>\u001b[39m\n          \u001b[36m<View>\u001b[39m\n            \u001b[36m<View>\u001b[39m\n              \u001b[36m<View\u001b[39m\n                \u001b[33mtestID\u001b[39m=\u001b[32m\"icon-button-container-outer-layer\"\u001b[39m\n              \u001b[36m>\u001b[39m\n                \u001b[36m<View\u001b[39m\n                  \u001b[33mtestID\u001b[39m=\u001b[32m\"icon-button-container\"\u001b[39m\n                \u001b[36m>\u001b[39m\n                  \u001b[36m<View\u001b[39m\n                    \u001b[33maccessibilityRole\u001b[39m=\u001b[32m\"button\"\u001b[39m\n                    \u001b[33maccessibilityState\u001b[39m=\u001b[32m{\n                      {\n                        \"disabled\": false,\n                      }\n                    }\u001b[39m\n                    \u001b[33maccessible\u001b[39m=\u001b[32m{true}\u001b[39m\n                    \u001b[33mtestID\u001b[39m=\u001b[32m\"icon-button\"\u001b[39m\n                  \u001b[36m>\u001b[39m\n                    \u001b[36m<Text />\u001b[39m\n                  \u001b[36m</View>\u001b[39m\n                \u001b[36m</View>\u001b[39m\n              \u001b[36m</View>\u001b[39m\n              \u001b[36m<View>\u001b[39m\n                \u001b[36m<Text>\u001b[39m\n                  \u001b[0mDetails\u001b[0m\n                \u001b[36m</Text>\u001b[39m\n                \u001b[36m<Text>\u001b[39m\n                  \u001b[0mReview the current collision\u001b[0m\n                \u001b[36m</Text>\u001b[39m\n              \u001b[36m</View>\u001b[39m\n              \u001b[36m<View>\u001b[39m\n                \u001b[36m<View\u001b[39m\n                  \u001b[33mtestID\u001b[39m=\u001b[32m\"icon-button-container-outer-layer\"\u001b[39m\n                \u001b[36m>\u001b[39m\n                  \u001b[36m<View\u001b[39m\n                    \u001b[33mtestID\u001b[39m=\u001b[32m\"icon-button-container\"\u001b[39m\n                  \u001b[36m>\u001b[39m\n                    \u001b[36m<View\u001b[39m\n                      \u001b[33maccessibilityLabel\u001b[39m=\u001b[32m\"Switch to dark mode\"\u001b[39m\n                      \u001b[33maccessibilityRole\u001b[39m=\u001b[32m\"button\"\u001b[39m\n                      \u001b[33maccessibilityState\u001b[39m=\u001b[32m{\n                        {\n                          \"disabled\": false,\n                        }\n                      }\u001b[39m\n                      \u001b[33maccessible\u001b[39m=\u001b[32m{true}\u001b[39m\n                      \u001b[33mtestID\u001b[39m=\u001b[32m\"icon-button\"\u001b[39m\n                    \u001b[36m>\u001b[39m\n                      \u001b[36m<Text />\u001b[39m\n                    \u001b[36m</View>\u001b[39m\n                  \u001b[36m</View>\u001b[39m\n                \u001b[36m</View>\u001b[39m\n              \u001b[36m</View>\u001b[39m\n            \u001b[36m</View>\u001b[39m\n            \u001b[36m<View>\u001b[39m\n              \u001b[0mChild content\u001b[0m\n            \u001b[36m</View>\u001b[39m\n          \u001b[36m</View>\u001b[39m\n        \u001b[36m</RNCSafeAreaProvider>\u001b[39m\n      \u001b[36m</View>\u001b[39m\n    \u001b[36m</RNCSafeAreaProvider>\u001b[39m\n\u001b[2m\u001b[22m\n\u001b[2m    \u001b[0m \u001b[90m 21 |\u001b[39m     expect(screen\u001b[33m.\u001b[39mgetByText(\u001b[32m\"Details\"\u001b[39m))\u001b[33m.\u001b[39mtoBeTruthy()\u001b[33m;\u001b[39m\u001b[22m\n\u001b[2m     \u001b[90m 22 |\u001b[39m     expect(screen\u001b[33m.\u001b[39mgetByText(\u001b[32m\"Review the current collision\"\u001b[39m))\u001b[33m.\u001b[39mtoBeTruthy()\u001b[33m;\u001b[39m\u001b[22m\n\u001b[2m    \u001b[31m\u001b[1m>\u001b[22m\u001b[2m\u001b[39m\u001b[90m 23 |\u001b[39m     expect(screen\u001b[33m.\u001b[39mgetByText(\u001b[32m\"Child content\"\u001b[39m))\u001b[33m.\u001b[39mtoBeTruthy()\u001b[33m;\u001b[39m\u001b[22m\n\u001b[2m     \u001b[90m    |\u001b[39m                   \u001b[31m\u001b[1m^\u001b[22m\u001b[2m\u001b[39m\u001b[22m\n\u001b[2m     \u001b[90m 24 |\u001b[39m     expect(screen\u001b[33m.\u001b[39mgetByLabelText(\u001b[32m\"Switch to dark mode\"\u001b[39m))\u001b[33m.\u001b[39mtoBeTruthy()\u001b[33m;\u001b[39m\u001b[22m\n\u001b[2m     \u001b[90m 25 |\u001b[39m   })\u001b[33m;\u001b[39m\u001b[22m\n\u001b[2m     \u001b[90m 26 |\u001b[39m\u001b[0m\u001b[22m\n\u001b[2m\u001b[22m\n\u001b[2m      \u001b[2mat Object.getByText (\u001b[22m\u001b[2m\u001b[0m\u001b[36m__tests__/components/ScreenContainer.test.tsx\u001b[39m\u001b[0m\u001b[2m:23:19)\u001b[22m\u001b[2m\u001b[22m\n\n\u001b[1m\u001b[31m  \u001b[1m● \u001b[22m\u001b[1mScreenContainer › omits the back button when disabled\u001b[39m\u001b[22m\n\n    TypeError: _reactNative.screen.queryByProps is not a function\n\u001b[2m\u001b[22m\n\u001b[2m    \u001b[0m \u001b[90m 42 |\u001b[39m     )\u001b[33m;\u001b[39m\u001b[22m\n\u001b[2m     \u001b[90m 43 |\u001b[39m\u001b[22m\n\u001b[2m    \u001b[31m\u001b[1m>\u001b[22m\u001b[2m\u001b[39m\u001b[90m 44 |\u001b[39m     expect(screen\u001b[33m.\u001b[39mqueryByProps({ icon\u001b[33m:\u001b[39m \u001b[32m\"arrow-left\"\u001b[39m }))\u001b[33m.\u001b[39mtoBeNull()\u001b[33m;\u001b[39m\u001b[22m\n\u001b[2m     \u001b[90m    |\u001b[39m                   \u001b[31m\u001b[1m^\u001b[22m\u001b[2m\u001b[39m\u001b[22m\n\u001b[2m     \u001b[90m 45 |\u001b[39m   })\u001b[33m;\u001b[39m\u001b[22m\n\u001b[2m     \u001b[90m 46 |\u001b[39m })\u001b[33m;\u001b[39m\u001b[0m\u001b[22m\n\u001b[2m\u001b[22m\n\u001b[2m      \u001b[2mat Object.queryByProps (\u001b[22m\u001b[2m\u001b[0m\u001b[36m__tests__/components/ScreenContainer.test.tsx\u001b[39m\u001b[0m\u001b[2m:44:19)\u001b[22m\u001b[2m\u001b[22m\n","name":"/home/imad/js-projects/crashlog/__tests__/components/ScreenContainer.test.tsx","startTime":1775017368924,"status":"failed","summary":""},{"assertionResults":[{"ancestorTitles":["detailsSchema"],"duration":0,"failureDetails":[],"failureMessages":[],"fullName":"detailsSchema passes with valid location and description","invocations":1,"location":null,"numPassingAsserts":1,"retryReasons":[],"status":"passed","title":"passes with valid location and description"},{"ancestorTitles":["detailsSchema"],"duration":0,"failureDetails":[],"failureMessages":[],"fullName":"detailsSchema fails when location is empty","invocations":1,"location":null,"numPassingAsserts":1,"retryReasons":[],"status":"passed","title":"fails when location is empty"},{"ancestorTitles":["detailsSchema"],"duration":1,"failureDetails":[],"failureMessages":[],"fullName":"detailsSchema fails when description is empty","invocations":1,"location":null,"numPassingAsserts":1,"retryReasons":[],"status":"passed","title":"fails when description is empty"},{"ancestorTitles":["detailsSchema"],"duration":0,"failureDetails":[],"failureMessages":[],"fullName":"detailsSchema fails when both fields are empty","invocations":1,"location":null,"numPassingAsserts":1,"retryReasons":[],"status":"passed","title":"fails when both fields are empty"},{"ancestorTitles":["vehicleSchema"],"duration":1,"failureDetails":[],"failureMessages":[],"fullName":"vehicleSchema passes with all valid fields","invocations":1,"location":null,"numPassingAsserts":1,"retryReasons":[],"status":"passed","title":"passes with all valid fields"},{"ancestorTitles":["vehicleSchema"],"duration":0,"failureDetails":[],"failureMessages":[],"fullName":"vehicleSchema fails when make is empty","invocations":1,"location":null,"numPassingAsserts":1,"retryReasons":[],"status":"passed","title":"fails when make is empty"},{"ancestorTitles":["vehicleSchema"],"duration":1,"failureDetails":[],"failureMessages":[],"fullName":"vehicleSchema fails when model is empty","invocations":1,"location":null,"numPassingAsserts":1,"retryReasons":[],"status":"passed","title":"fails when model is empty"},{"ancestorTitles":["vehicleSchema"],"duration":0,"failureDetails":[],"failureMessages":[],"fullName":"vehicleSchema fails when color is empty","invocations":1,"location":null,"numPassingAsserts":1,"retryReasons":[],"status":"passed","title":"fails when color is empty"},{"ancestorTitles":["vehicleSchema"],"duration":0,"failureDetails":[],"failureMessages":[],"fullName":"vehicleSchema fails when licensePlate is empty","invocations":1,"location":null,"numPassingAsserts":1,"retryReasons":[],"status":"passed","title":"fails when licensePlate is empty"},{"ancestorTitles":["vehicleSchema"],"duration":1,"failureDetails":[],"failureMessages":[],"fullName":"vehicleSchema fails when insuranceCompany is empty","invocations":1,"location":null,"numPassingAsserts":1,"retryReasons":[],"status":"passed","title":"fails when insuranceCompany is empty"},{"ancestorTitles":["vehicleSchema"],"duration":0,"failureDetails":[],"failureMessages":[],"fullName":"vehicleSchema fails when policyNumber is empty","invocations":1,"location":null,"numPassingAsserts":1,"retryReasons":[],"status":"passed","title":"fails when policyNumber is empty"},{"ancestorTitles":["personSchema"],"duration":1,"failureDetails":[],"failureMessages":[],"fullName":"personSchema passes with valid person data","invocations":1,"location":null,"numPassingAsserts":1,"retryReasons":[],"status":"passed","title":"passes with valid person data"},{"ancestorTitles":["personSchema"],"duration":0,"failureDetails":[],"failureMessages":[],"fullName":"personSchema fails when name is empty","invocations":1,"location":null,"numPassingAsserts":1,"retryReasons":[],"status":"passed","title":"fails when name is empty"},{"ancestorTitles":["personSchema"],"duration":0,"failureDetails":[],"failureMessages":[],"fullName":"personSchema fails when address is empty","invocations":1,"location":null,"numPassingAsserts":1,"retryReasons":[],"status":"passed","title":"fails when address is empty"},{"ancestorTitles":["personSchema"],"duration":2,"failureDetails":[],"failureMessages":[],"fullName":"personSchema fails when phoneNumber is empty","invocations":1,"location":null,"numPassingAsserts":1,"retryReasons":[],"status":"passed","title":"fails when phoneNumber is empty"},{"ancestorTitles":["personSchema"],"duration":0,"failureDetails":[],"failureMessages":[],"fullName":"personSchema fails when phoneNumber is not a valid mobile number","invocations":1,"location":null,"numPassingAsserts":1,"retryReasons":[],"status":"passed","title":"fails when phoneNumber is not a valid mobile number"},{"ancestorTitles":["driverSchema"],"duration":1,"failureDetails":[],"failureMessages":[],"fullName":"driverSchema passes with all valid driver fields","invocations":1,"location":null,"numPassingAsserts":1,"retryReasons":[],"status":"passed","title":"passes with all valid driver fields"},{"ancestorTitles":["driverSchema"],"duration":0,"failureDetails":[],"failureMessages":[],"fullName":"driverSchema fails when license is empty","invocations":1,"location":null,"numPassingAsserts":1,"retryReasons":[],"status":"passed","title":"fails when license is empty"},{"ancestorTitles":["driverSchema"],"duration":1,"failureDetails":[],"failureMessages":[],"fullName":"driverSchema fails when name is empty","invocations":1,"location":null,"numPassingAsserts":1,"retryReasons":[],"status":"passed","title":"fails when name is empty"},{"ancestorTitles":["driverSchema"],"duration":0,"failureDetails":[],"failureMessages":[],"fullName":"driverSchema fails when phoneNumber is invalid","invocations":1,"location":null,"numPassingAsserts":1,"retryReasons":[],"status":"passed","title":"fails when phoneNumber is invalid"}],"endTime":1775017369146,"message":"","name":"/home/imad/js-projects/crashlog/__tests__/lib/schemas.test.ts","startTime":1775017369077,"status":"passed","summary":""},{"assertionResults":[{"ancestorTitles":["review screen"],"duration":89,"failureDetails":[],"failureMessages":[],"fullName":"review screen adds a new collision and returns to the home screen","invocations":1,"location":null,"numPassingAsserts":2,"retryReasons":[],"status":"passed","title":"adds a new collision and returns to the home screen"},{"ancestorTitles":["review screen"],"duration":38,"failureDetails":[],"failureMessages":[],"fullName":"review screen updates an existing collision when editing","invocations":1,"location":null,"numPassingAsserts":2,"retryReasons":[],"status":"passed","title":"updates an existing collision when editing"}],"endTime":1775017369405,"message":"","name":"/home/imad/js-projects/crashlog/__tests__/app/reviewScreen.test.tsx","startTime":1775017369149,"status":"passed","summary":""},{"assertionResults":[{"ancestorTitles":["CollisionList"],"duration":6,"failureDetails":[],"failureMessages":[],"fullName":"CollisionList renders the empty state when no collisions exist","invocations":1,"location":null,"numPassingAsserts":1,"retryReasons":[],"status":"passed","title":"renders the empty state when no collisions exist"},{"ancestorTitles":["CollisionList"],"duration":11,"failureDetails":[],"failureMessages":[],"fullName":"CollisionList renders stored collisions and deletes one from the store","invocations":1,"location":null,"numPassingAsserts":2,"retryReasons":[],"status":"passed","title":"renders stored collisions and deletes one from the store"}],"endTime":1775017369558,"message":"","name":"/home/imad/js-projects/crashlog/__tests__/components/CollisionList.test.tsx","startTime":1775017369432,"status":"passed","summary":""},{"assertionResults":[{"ancestorTitles":["collision details screen"],"duration":49,"failureDetails":[],"failureMessages":[],"fullName":"collision details screen renders the selected collision and enters edit mode","invocations":1,"location":null,"numPassingAsserts":5,"retryReasons":[],"status":"passed","title":"renders the selected collision and enters edit mode"},{"ancestorTitles":["collision details screen"],"duration":6,"failureDetails":[],"failureMessages":[],"fullName":"collision details screen shows a not found state when the collision is missing","invocations":1,"location":null,"numPassingAsserts":2,"retryReasons":[],"status":"passed","title":"shows a not found state when the collision is missing"}],"endTime":1775017369725,"message":"","name":"/home/imad/js-projects/crashlog/__tests__/app/collisionId.test.tsx","startTime":1775017369562,"status":"passed","summary":""},{"assertionResults":[{"ancestorTitles":["index screen"],"duration":26,"failureDetails":[],"failureMessages":[],"fullName":"index screen resets the form and navigates to the collision details flow","invocations":1,"location":null,"numPassingAsserts":3,"retryReasons":[],"status":"passed","title":"resets the form and navigates to the collision details flow"}],"endTime":1775017369872,"message":"","name":"/home/imad/js-projects/crashlog/__tests__/app/index.test.tsx","startTime":1775017369739,"status":"passed","summary":""},{"assertionResults":[{"ancestorTitles":["CollisionCard"],"duration":15,"failureDetails":[],"failureMessages":[],"fullName":"CollisionCard renders key collision details","invocations":1,"location":null,"numPassingAsserts":5,"retryReasons":[],"status":"passed","title":"renders key collision details"},{"ancestorTitles":["CollisionCard"],"duration":10,"failureDetails":[],"failureMessages":[],"fullName":"CollisionCard navigates to the collision details screen and seeds the form store","invocations":1,"location":null,"numPassingAsserts":2,"retryReasons":[],"status":"passed","title":"navigates to the collision details screen and seeds the form store"}],"endTime":1775017370028,"message":"","name":"/home/imad/js-projects/crashlog/__tests__/components/CollisionCard.test.tsx","startTime":1775017369878,"status":"passed","summary":""},{"assertionResults":[{"ancestorTitles":["validateVehicle"],"duration":1,"failureDetails":[],"failureMessages":[],"fullName":"validateVehicle returns no errors for a valid vehicle","invocations":1,"location":null,"numPassingAsserts":1,"retryReasons":[],"status":"passed","title":"returns no errors for a valid vehicle"},{"ancestorTitles":["validateVehicle"],"duration":1,"failureDetails":[],"failureMessages":[],"fullName":"validateVehicle returns an error when make is empty","invocations":1,"location":null,"numPassingAsserts":1,"retryReasons":[],"status":"passed","title":"returns an error when make is empty"},{"ancestorTitles":["validateVehicle"],"duration":0,"failureDetails":[],"failureMessages":[],"fullName":"validateVehicle returns an error when model is empty","invocations":1,"location":null,"numPassingAsserts":1,"retryReasons":[],"status":"passed","title":"returns an error when model is empty"},{"ancestorTitles":["validateVehicle"],"duration":1,"failureDetails":[],"failureMessages":[],"fullName":"validateVehicle returns an error when color is empty","invocations":1,"location":null,"numPassingAsserts":1,"retryReasons":[],"status":"passed","title":"returns an error when color is empty"},{"ancestorTitles":["validateVehicle"],"duration":0,"failureDetails":[],"failureMessages":[],"fullName":"validateVehicle returns an error when licensePlate is empty","invocations":1,"location":null,"numPassingAsserts":1,"retryReasons":[],"status":"passed","title":"returns an error when licensePlate is empty"},{"ancestorTitles":["validateVehicle"],"duration":0,"failureDetails":[],"failureMessages":[],"fullName":"validateVehicle returns an error when insuranceCompany is empty","invocations":1,"location":null,"numPassingAsserts":1,"retryReasons":[],"status":"passed","title":"returns an error when insuranceCompany is empty"},{"ancestorTitles":["validateVehicle"],"duration":0,"failureDetails":[],"failureMessages":[],"fullName":"validateVehicle returns an error when policyNumber is empty","invocations":1,"location":null,"numPassingAsserts":1,"retryReasons":[],"status":"passed","title":"returns an error when policyNumber is empty"},{"ancestorTitles":["validateVehicle"],"duration":0,"failureDetails":[],"failureMessages":[],"fullName":"validateVehicle returns errors for multiple invalid fields","invocations":1,"location":null,"numPassingAsserts":2,"retryReasons":[],"status":"passed","title":"returns errors for multiple invalid fields"},{"ancestorTitles":["validateDriver"],"duration":0,"failureDetails":[],"failureMessages":[],"fullName":"validateDriver returns no errors for a valid driver","invocations":1,"location":null,"numPassingAsserts":1,"retryReasons":[],"status":"passed","title":"returns no errors for a valid driver"},{"ancestorTitles":["validateDriver"],"duration":1,"failureDetails":[],"failureMessages":[],"fullName":"validateDriver returns an error when name is empty","invocations":1,"location":null,"numPassingAsserts":1,"retryReasons":[],"status":"passed","title":"returns an error when name is empty"},{"ancestorTitles":["validateDriver"],"duration":0,"failureDetails":[],"failureMessages":[],"fullName":"validateDriver returns an error when address is empty","invocations":1,"location":null,"numPassingAsserts":1,"retryReasons":[],"status":"passed","title":"returns an error when address is empty"},{"ancestorTitles":["validateDriver"],"duration":0,"failureDetails":[],"failureMessages":[],"fullName":"validateDriver returns an error when phoneNumber is empty","invocations":1,"location":null,"numPassingAsserts":1,"retryReasons":[],"status":"passed","title":"returns an error when phoneNumber is empty"},{"ancestorTitles":["validateDriver"],"duration":0,"failureDetails":[],"failureMessages":[],"fullName":"validateDriver returns an error when phoneNumber is not a valid mobile number","invocations":1,"location":null,"numPassingAsserts":1,"retryReasons":[],"status":"passed","title":"returns an error when phoneNumber is not a valid mobile number"},{"ancestorTitles":["validateDriver"],"duration":0,"failureDetails":[],"failureMessages":[],"fullName":"validateDriver returns an error when license is empty","invocations":1,"location":null,"numPassingAsserts":1,"retryReasons":[],"status":"passed","title":"returns an error when license is empty"},{"ancestorTitles":["validateWitness"],"duration":1,"failureDetails":[],"failureMessages":[],"fullName":"validateWitness returns no errors for a valid witness","invocations":1,"location":null,"numPassingAsserts":1,"retryReasons":[],"status":"passed","title":"returns no errors for a valid witness"},{"ancestorTitles":["validateWitness"],"duration":0,"failureDetails":[],"failureMessages":[],"fullName":"validateWitness returns an error when name is empty","invocations":1,"location":null,"numPassingAsserts":1,"retryReasons":[],"status":"passed","title":"returns an error when name is empty"},{"ancestorTitles":["validateWitness"],"duration":0,"failureDetails":[],"failureMessages":[],"fullName":"validateWitness returns an error when address is empty","invocations":1,"location":null,"numPassingAsserts":1,"retryReasons":[],"status":"passed","title":"returns an error when address is empty"},{"ancestorTitles":["validateWitness"],"duration":1,"failureDetails":[],"failureMessages":[],"fullName":"validateWitness returns an error when phoneNumber is empty","invocations":1,"location":null,"numPassingAsserts":1,"retryReasons":[],"status":"passed","title":"returns an error when phoneNumber is empty"},{"ancestorTitles":["validateWitness"],"duration":0,"failureDetails":[],"failureMessages":[],"fullName":"validateWitness returns an error when phoneNumber is invalid","invocations":1,"location":null,"numPassingAsserts":1,"retryReasons":[],"status":"passed","title":"returns an error when phoneNumber is invalid"}],"endTime":1775017370115,"message":"","name":"/home/imad/js-projects/crashlog/__tests__/lib/validators.test.ts","startTime":1775017370035,"status":"passed","summary":""},{"assertionResults":[{"ancestorTitles":["collisionFormStore – updateCollisionField"],"duration":1,"failureDetails":[],"failureMessages":[],"fullName":"collisionFormStore – updateCollisionField updates the location field","invocations":1,"location":null,"numPassingAsserts":1,"retryReasons":[],"status":"passed","title":"updates the location field"},{"ancestorTitles":["collisionFormStore – updateCollisionField"],"duration":0,"failureDetails":[],"failureMessages":[],"fullName":"collisionFormStore – updateCollisionField updates the description field","invocations":1,"location":null,"numPassingAsserts":1,"retryReasons":[],"status":"passed","title":"updates the description field"},{"ancestorTitles":["collisionFormStore – vehicle CRUD"],"duration":0,"failureDetails":[],"failureMessages":[],"fullName":"collisionFormStore – vehicle CRUD adds a vehicle to the collision","invocations":1,"location":null,"numPassingAsserts":2,"retryReasons":[],"status":"passed","title":"adds a vehicle to the collision"},{"ancestorTitles":["collisionFormStore – vehicle CRUD"],"duration":0,"failureDetails":[],"failureMessages":[],"fullName":"collisionFormStore – vehicle CRUD updates an existing vehicle in the collision","invocations":1,"location":null,"numPassingAsserts":1,"retryReasons":[],"status":"passed","title":"updates an existing vehicle in the collision"},{"ancestorTitles":["collisionFormStore – vehicle CRUD"],"duration":0,"failureDetails":[],"failureMessages":[],"fullName":"collisionFormStore – vehicle CRUD does not change the number of vehicles when updating","invocations":1,"location":null,"numPassingAsserts":1,"retryReasons":[],"status":"passed","title":"does not change the number of vehicles when updating"},{"ancestorTitles":["collisionFormStore – vehicle CRUD"],"duration":0,"failureDetails":[],"failureMessages":[],"fullName":"collisionFormStore – vehicle CRUD deletes a vehicle by id","invocations":1,"location":null,"numPassingAsserts":2,"retryReasons":[],"status":"passed","title":"deletes a vehicle by id"},{"ancestorTitles":["collisionFormStore – witness CRUD"],"duration":0,"failureDetails":[],"failureMessages":[],"fullName":"collisionFormStore – witness CRUD adds a witness to the collision","invocations":1,"location":null,"numPassingAsserts":2,"retryReasons":[],"status":"passed","title":"adds a witness to the collision"},{"ancestorTitles":["collisionFormStore – witness CRUD"],"duration":0,"failureDetails":[],"failureMessages":[],"fullName":"collisionFormStore – witness CRUD updates an existing witness in the collision","invocations":1,"location":null,"numPassingAsserts":1,"retryReasons":[],"status":"passed","title":"updates an existing witness in the collision"},{"ancestorTitles":["collisionFormStore – witness CRUD"],"duration":1,"failureDetails":[],"failureMessages":[],"fullName":"collisionFormStore – witness CRUD deletes a witness by id","invocations":1,"location":null,"numPassingAsserts":2,"retryReasons":[],"status":"passed","title":"deletes a witness by id"},{"ancestorTitles":["collisionFormStore – media CRUD"],"duration":0,"failureDetails":[],"failureMessages":[],"fullName":"collisionFormStore – media CRUD adds media to the collision","invocations":1,"location":null,"numPassingAsserts":2,"retryReasons":[],"status":"passed","title":"adds media to the collision"},{"ancestorTitles":["collisionFormStore – media CRUD"],"duration":0,"failureDetails":[],"failureMessages":[],"fullName":"collisionFormStore – media CRUD prepends media so the newest appears first","invocations":1,"location":null,"numPassingAsserts":1,"retryReasons":[],"status":"passed","title":"prepends media so the newest appears first"},{"ancestorTitles":["collisionFormStore – media CRUD"],"duration":0,"failureDetails":[],"failureMessages":[],"fullName":"collisionFormStore – media CRUD deletes media by id","invocations":1,"location":null,"numPassingAsserts":1,"retryReasons":[],"status":"passed","title":"deletes media by id"},{"ancestorTitles":["collisionFormStore – setForm and isEdit"],"duration":0,"failureDetails":[],"failureMessages":[],"fullName":"collisionFormStore – setForm and isEdit setForm replaces the current collision","invocations":1,"location":null,"numPassingAsserts":2,"retryReasons":[],"status":"passed","title":"setForm replaces the current collision"},{"ancestorTitles":["collisionFormStore – setForm and isEdit"],"duration":0,"failureDetails":[],"failureMessages":[],"fullName":"collisionFormStore – setForm and isEdit setEdit toggles the edit flag","invocations":1,"location":null,"numPassingAsserts":2,"retryReasons":[],"status":"passed","title":"setEdit toggles the edit flag"},{"ancestorTitles":["collisionFormStore – resetForm"],"duration":0,"failureDetails":[],"failureMessages":[],"fullName":"collisionFormStore – resetForm resets the form to a fresh collision","invocations":1,"location":null,"numPassingAsserts":2,"retryReasons":[],"status":"passed","title":"resets the form to a fresh collision"},{"ancestorTitles":["collisionFormStore – resetForm"],"duration":1,"failureDetails":[],"failureMessages":[],"fullName":"collisionFormStore – resetForm generates a new collision id on reset","invocations":1,"location":null,"numPassingAsserts":1,"retryReasons":[],"status":"passed","title":"generates a new collision id on reset"}],"endTime":1775017370150,"message":"","name":"/home/imad/js-projects/crashlog/__tests__/store/collisionFormStore.test.ts","startTime":1775017370118,"status":"passed","summary":""},{"assertionResults":[{"ancestorTitles":["vehicleFormStore – updateVehicleField"],"duration":1,"failureDetails":[],"failureMessages":[],"fullName":"vehicleFormStore – updateVehicleField updates the make field","invocations":1,"location":null,"numPassingAsserts":1,"retryReasons":[],"status":"passed","title":"updates the make field"},{"ancestorTitles":["vehicleFormStore – updateVehicleField"],"duration":0,"failureDetails":[],"failureMessages":[],"fullName":"vehicleFormStore – updateVehicleField updates the model field","invocations":1,"location":null,"numPassingAsserts":1,"retryReasons":[],"status":"passed","title":"updates the model field"},{"ancestorTitles":["vehicleFormStore – updateVehicleField"],"duration":1,"failureDetails":[],"failureMessages":[],"fullName":"vehicleFormStore – updateVehicleField updates the color field","invocations":1,"location":null,"numPassingAsserts":1,"retryReasons":[],"status":"passed","title":"updates the color field"},{"ancestorTitles":["vehicleFormStore – updateVehicleField"],"duration":0,"failureDetails":[],"failureMessages":[],"fullName":"vehicleFormStore – updateVehicleField updates the licensePlate field","invocations":1,"location":null,"numPassingAsserts":1,"retryReasons":[],"status":"passed","title":"updates the licensePlate field"},{"ancestorTitles":["vehicleFormStore – updateVehicleField"],"duration":0,"failureDetails":[],"failureMessages":[],"fullName":"vehicleFormStore – updateVehicleField updates the insuranceCompany field","invocations":1,"location":null,"numPassingAsserts":1,"retryReasons":[],"status":"passed","title":"updates the insuranceCompany field"},{"ancestorTitles":["vehicleFormStore – updateVehicleField"],"duration":0,"failureDetails":[],"failureMessages":[],"fullName":"vehicleFormStore – updateVehicleField updates the policyNumber field","invocations":1,"location":null,"numPassingAsserts":1,"retryReasons":[],"status":"passed","title":"updates the policyNumber field"},{"ancestorTitles":["vehicleFormStore – setForm"],"duration":1,"failureDetails":[],"failureMessages":[],"fullName":"vehicleFormStore – setForm loads a vehicle into the form","invocations":1,"location":null,"numPassingAsserts":1,"retryReasons":[],"status":"passed","title":"loads a vehicle into the form"},{"ancestorTitles":["vehicleFormStore – setEdit"],"duration":0,"failureDetails":[],"failureMessages":[],"fullName":"vehicleFormStore – setEdit sets isEdit to true","invocations":1,"location":null,"numPassingAsserts":1,"retryReasons":[],"status":"passed","title":"sets isEdit to true"},{"ancestorTitles":["vehicleFormStore – setEdit"],"duration":0,"failureDetails":[],"failureMessages":[],"fullName":"vehicleFormStore – setEdit sets isEdit to false","invocations":1,"location":null,"numPassingAsserts":1,"retryReasons":[],"status":"passed","title":"sets isEdit to false"},{"ancestorTitles":["vehicleFormStore – resetForm"],"duration":1,"failureDetails":[],"failureMessages":[],"fullName":"vehicleFormStore – resetForm clears all fields back to empty strings","invocations":1,"location":null,"numPassingAsserts":8,"retryReasons":[],"status":"passed","title":"clears all fields back to empty strings"},{"ancestorTitles":["vehicleFormStore – resetForm"],"duration":0,"failureDetails":[],"failureMessages":[],"fullName":"vehicleFormStore – resetForm generates a new id on reset","invocations":1,"location":null,"numPassingAsserts":1,"retryReasons":[],"status":"passed","title":"generates a new id on reset"},{"ancestorTitles":["vehicleFormStore – setDialogVisible"],"duration":0,"failureDetails":[],"failureMessages":[],"fullName":"vehicleFormStore – setDialogVisible sets isDialogVisible to true","invocations":1,"location":null,"numPassingAsserts":1,"retryReasons":[],"status":"passed","title":"sets isDialogVisible to true"},{"ancestorTitles":["vehicleFormStore – setDialogVisible"],"duration":0,"failureDetails":[],"failureMessages":[],"fullName":"vehicleFormStore – setDialogVisible sets isDialogVisible to false","invocations":1,"location":null,"numPassingAsserts":1,"retryReasons":[],"status":"passed","title":"sets isDialogVisible to false"}],"endTime":1775017370184,"message":"","name":"/home/imad/js-projects/crashlog/__tests__/store/vehicleFormStore.test.ts","startTime":1775017370152,"status":"passed","summary":""},{"assertionResults":[{"ancestorTitles":["collisionStore – addCollision"],"duration":1,"failureDetails":[],"failureMessages":[],"fullName":"collisionStore – addCollision adds a collision to an empty list","invocations":1,"location":null,"numPassingAsserts":2,"retryReasons":[],"status":"passed","title":"adds a collision to an empty list"},{"ancestorTitles":["collisionStore – addCollision"],"duration":0,"failureDetails":[],"failureMessages":[],"fullName":"collisionStore – addCollision prepends new collisions so the most-recent one appears first","invocations":1,"location":null,"numPassingAsserts":2,"retryReasons":[],"status":"passed","title":"prepends new collisions so the most-recent one appears first"},{"ancestorTitles":["collisionStore – getCollision"],"duration":0,"failureDetails":[],"failureMessages":[],"fullName":"collisionStore – getCollision returns the collision with the given id","invocations":1,"location":null,"numPassingAsserts":1,"retryReasons":[],"status":"passed","title":"returns the collision with the given id"},{"ancestorTitles":["collisionStore – getCollision"],"duration":0,"failureDetails":[],"failureMessages":[],"fullName":"collisionStore – getCollision returns null when the id does not exist","invocations":1,"location":null,"numPassingAsserts":1,"retryReasons":[],"status":"passed","title":"returns null when the id does not exist"},{"ancestorTitles":["collisionStore – updateCollision"],"duration":0,"failureDetails":[],"failureMessages":[],"fullName":"collisionStore – updateCollision updates an existing collision's fields","invocations":1,"location":null,"numPassingAsserts":1,"retryReasons":[],"status":"passed","title":"updates an existing collision's fields"},{"ancestorTitles":["collisionStore – updateCollision"],"duration":0,"failureDetails":[],"failureMessages":[],"fullName":"collisionStore – updateCollision does not change the number of stored collisions","invocations":1,"location":null,"numPassingAsserts":1,"retryReasons":[],"status":"passed","title":"does not change the number of stored collisions"},{"ancestorTitles":["collisionStore – updateCollision"],"duration":0,"failureDetails":[],"failureMessages":[],"fullName":"collisionStore – updateCollision leaves other collisions unmodified","invocations":1,"location":null,"numPassingAsserts":1,"retryReasons":[],"status":"passed","title":"leaves other collisions unmodified"},{"ancestorTitles":["collisionStore – deleteCollision"],"duration":1,"failureDetails":[],"failureMessages":[],"fullName":"collisionStore – deleteCollision removes the collision with the given id","invocations":1,"location":null,"numPassingAsserts":1,"retryReasons":[],"status":"passed","title":"removes the collision with the given id"},{"ancestorTitles":["collisionStore – deleteCollision"],"duration":0,"failureDetails":[],"failureMessages":[],"fullName":"collisionStore – deleteCollision only removes the targeted collision","invocations":1,"location":null,"numPassingAsserts":2,"retryReasons":[],"status":"passed","title":"only removes the targeted collision"},{"ancestorTitles":["collisionStore – deleteCollision"],"duration":0,"failureDetails":[],"failureMessages":[],"fullName":"collisionStore – deleteCollision does nothing when the id does not exist","invocations":1,"location":null,"numPassingAsserts":1,"retryReasons":[],"status":"passed","title":"does nothing when the id does not exist"}],"endTime":1775017370220,"message":"","name":"/home/imad/js-projects/crashlog/__tests__/store/collisionStore.test.ts","startTime":1775017370189,"status":"passed","summary":""},{"assertionResults":[{"ancestorTitles":["witnessFormStore – updateWitnessField"],"duration":0,"failureDetails":[],"failureMessages":[],"fullName":"witnessFormStore – updateWitnessField updates the name field","invocations":1,"location":null,"numPassingAsserts":1,"retryReasons":[],"status":"passed","title":"updates the name field"},{"ancestorTitles":["witnessFormStore – updateWitnessField"],"duration":0,"failureDetails":[],"failureMessages":[],"fullName":"witnessFormStore – updateWitnessField updates the address field","invocations":1,"location":null,"numPassingAsserts":1,"retryReasons":[],"status":"passed","title":"updates the address field"},{"ancestorTitles":["witnessFormStore – updateWitnessField"],"duration":0,"failureDetails":[],"failureMessages":[],"fullName":"witnessFormStore – updateWitnessField updates the phoneNumber field","invocations":1,"location":null,"numPassingAsserts":1,"retryReasons":[],"status":"passed","title":"updates the phoneNumber field"},{"ancestorTitles":["witnessFormStore – setForm"],"duration":0,"failureDetails":[],"failureMessages":[],"fullName":"witnessFormStore – setForm loads a witness into the form","invocations":1,"location":null,"numPassingAsserts":1,"retryReasons":[],"status":"passed","title":"loads a witness into the form"},{"ancestorTitles":["witnessFormStore – setEdit"],"duration":0,"failureDetails":[],"failureMessages":[],"fullName":"witnessFormStore – setEdit sets isEdit to true","invocations":1,"location":null,"numPassingAsserts":1,"retryReasons":[],"status":"passed","title":"sets isEdit to true"},{"ancestorTitles":["witnessFormStore – setEdit"],"duration":0,"failureDetails":[],"failureMessages":[],"fullName":"witnessFormStore – setEdit sets isEdit to false after being true","invocations":1,"location":null,"numPassingAsserts":1,"retryReasons":[],"status":"passed","title":"sets isEdit to false after being true"},{"ancestorTitles":["witnessFormStore – resetForm"],"duration":0,"failureDetails":[],"failureMessages":[],"fullName":"witnessFormStore – resetForm clears all fields back to empty strings","invocations":1,"location":null,"numPassingAsserts":4,"retryReasons":[],"status":"passed","title":"clears all fields back to empty strings"},{"ancestorTitles":["witnessFormStore – resetForm"],"duration":1,"failureDetails":[],"failureMessages":[],"fullName":"witnessFormStore – resetForm generates a new id on reset","invocations":1,"location":null,"numPassingAsserts":1,"retryReasons":[],"status":"passed","title":"generates a new id on reset"},{"ancestorTitles":["witnessFormStore – setDialogVisible"],"duration":0,"failureDetails":[],"failureMessages":[],"fullName":"witnessFormStore – setDialogVisible sets isDialogVisible to true","invocations":1,"location":null,"numPassingAsserts":1,"retryReasons":[],"status":"passed","title":"sets isDialogVisible to true"},{"ancestorTitles":["witnessFormStore – setDialogVisible"],"duration":0,"failureDetails":[],"failureMessages":[],"fullName":"witnessFormStore – setDialogVisible sets isDialogVisible to false","invocations":1,"location":null,"numPassingAsserts":1,"retryReasons":[],"status":"passed","title":"sets isDialogVisible to false"}],"endTime":1775017370252,"message":"","name":"/home/imad/js-projects/crashlog/__tests__/store/witnessFormStore.test.ts","startTime":1775017370222,"status":"passed","summary":""},{"assertionResults":[],"coverage":{},"endTime":1775017370407,"message":"  \u001b[1m● \u001b[22mTest suite failed to run\n\n    Your test suite must contain at least one test.\n\n      \u001b[2mat onResult (\u001b[22mnode_modules/@jest/core/build/TestScheduler.js\u001b[2m:133:18)\u001b[22m\n      \u001b[2mat \u001b[22mnode_modules/@jest/core/build/TestScheduler.js\u001b[2m:254:19\u001b[22m\n      \u001b[2mat \u001b[22mnode_modules/emittery/index.js\u001b[2m:363:13\u001b[22m\n          at Array.map (<anonymous>)\n      \u001b[2mat Emittery.emit (\u001b[22mnode_modules/emittery/index.js\u001b[2m:361:23)\u001b[22m\n","name":"/home/imad/js-projects/crashlog/__tests__/testUtils/renderWithProviders.tsx","startTime":1775017370407,"status":"failed","summary":""},{"assertionResults":[],"coverage":{},"endTime":1775017370407,"message":"  \u001b[1m● \u001b[22mTest suite failed to run\n\n    Your test suite must contain at least one test.\n\n      \u001b[2mat onResult (\u001b[22mnode_modules/@jest/core/build/TestScheduler.js\u001b[2m:133:18)\u001b[22m\n      \u001b[2mat \u001b[22mnode_modules/@jest/core/build/TestScheduler.js\u001b[2m:254:19\u001b[22m\n      \u001b[2mat \u001b[22mnode_modules/emittery/index.js\u001b[2m:363:13\u001b[22m\n          at Array.map (<anonymous>)\n      \u001b[2mat Emittery.emit (\u001b[22mnode_modules/emittery/index.js\u001b[2m:361:23)\u001b[22m\n","name":"/home/imad/js-projects/crashlog/__tests__/testUtils/resetStores.ts","startTime":1775017370407,"status":"failed","summary":""},{"assertionResults":[],"coverage":{},"endTime":1775017370407,"message":"  \u001b[1m● \u001b[22mTest suite failed to run\n\n    Your test suite must contain at least one test.\n\n      \u001b[2mat onResult (\u001b[22mnode_modules/@jest/core/build/TestScheduler.js\u001b[2m:133:18)\u001b[22m\n      \u001b[2mat \u001b[22mnode_modules/@jest/core/build/TestScheduler.js\u001b[2m:254:19\u001b[22m\n      \u001b[2mat \u001b[22mnode_modules/emittery/index.js\u001b[2m:363:13\u001b[22m\n          at Array.map (<anonymous>)\n      \u001b[2mat Emittery.emit (\u001b[22mnode_modules/emittery/index.js\u001b[2m:361:23)\u001b[22m\n","name":"/home/imad/js-projects/crashlog/__tests__/testUtils/fixtures.ts","startTime":1775017370407,"status":"failed","summary":""}],"wasInterrupted":false}
